<?xml version="1.0" encoding="UTF-8"?>
<!-- Generated by org.testng.reporters.JUnitReportReporter -->
<testsuite hostname="DESKTOP-MNBM418" failures="0" tests="1" name="com.Fork.Assessment.Validate_Assessment" time="70.215" errors="0" timestamp="23 Feb 2023 14:36:16 GMT">
  <testcase classname="com.Fork.Assessment.Validate_Assessment" name="assessmentTest" time="70.215"/>
</testsuite> <!-- com.Fork.Assessment.Validate_Assessment -->
